[debug] [2017-11-21T07:18:22.520Z] ----------------------------------------------------------------------
[debug] [2017-11-21T07:18:22.520Z] Command:       C:\Program Files\nodejs\node.exe C:\Users\ICUNIX\AppData\Roaming\npm\node_modules\firebase-tools\bin\firebase serve
[debug] [2017-11-21T07:18:22.520Z] CLI Version:   3.15.2
[debug] [2017-11-21T07:18:22.520Z] Platform:      win32
[debug] [2017-11-21T07:18:22.520Z] Node Version:  v8.9.1
[debug] [2017-11-21T07:18:22.520Z] Time:          Tue Nov 21 2017 16:18:22 GMT+0900 (대한민국 표준시)
[debug] [2017-11-21T07:18:22.520Z] ----------------------------------------------------------------------
[debug] 
[debug] [2017-11-21T07:18:22.536Z] > command requires scopes: ["email","openid","https://www.googleapis.com/auth/cloudplatformprojects.readonly","https://www.googleapis.com/auth/firebase","https://www.googleapis.com/auth/cloud-platform"]
[debug] [2017-11-21T07:18:22.536Z] > authorizing via signed-in user
[debug] [2017-11-21T07:18:22.536Z] >>> HTTP REQUEST GET https://admin.firebase.com/v1/projects/pleasereadbook  
 Tue Nov 21 2017 16:18:22 GMT+0900 (대한민국 표준시)
[debug] [2017-11-21T07:18:23.495Z] <<< HTTP RESPONSE 200
[debug] [2017-11-21T07:18:23.497Z] >>> HTTP REQUEST GET https://admin.firebase.com/v1/database/pleasereadbook/tokens  
 Tue Nov 21 2017 16:18:23 GMT+0900 (대한민국 표준시)
[debug] [2017-11-21T07:18:24.241Z] <<< HTTP RESPONSE 200
[info] 
[info] === Serving from 'D:\git\pleasereadbook'...
[info] 
[debug] [2017-11-21T07:18:24.257Z] >>> HTTP REQUEST GET https://cloudresourcemanager.googleapis.com/v1/projects/pleasereadbook  
 Tue Nov 21 2017 16:18:24 GMT+0900 (대한민국 표준시)
[debug] [2017-11-21T07:18:25.216Z] <<< HTTP RESPONSE 200
[debug] [2017-11-21T07:18:25.216Z] >>> HTTP REQUEST GET https://mobilesdk-pa.googleapis.com/v1/projects/291094516014/clients/_:getWebAppConfig  
 Tue Nov 21 2017 16:18:25 GMT+0900 (대한민국 표준시)
[debug] [2017-11-21T07:18:26.011Z] <<< HTTP RESPONSE 200
[info] i  hosting: Serving hosting files from: public
[info] +  hosting: Local server: http://localhost:5000

